[2024-04-03T13:34:32.907+0000] {processor.py:161} INFO - Started process (PID=30) to work on /opt/airflow/dags/get_quotes_dag.py
[2024-04-03T13:34:32.908+0000] {processor.py:830} INFO - Processing file /opt/airflow/dags/get_quotes_dag.py for tasks to queue
[2024-04-03T13:34:32.911+0000] {logging_mixin.py:188} INFO - [2024-04-03T13:34:32.910+0000] {dagbag.py:540} INFO - Filling up the DagBag from /opt/airflow/dags/get_quotes_dag.py
[2024-04-03T13:34:32.939+0000] {processor.py:840} INFO - DAG(s) 'get_quotes_dag' retrieved from /opt/airflow/dags/get_quotes_dag.py
[2024-04-03T13:34:33.033+0000] {logging_mixin.py:188} INFO - [2024-04-03T13:34:33.033+0000] {dag.py:3047} INFO - Sync 1 DAGs
[2024-04-03T13:34:33.058+0000] {logging_mixin.py:188} INFO - [2024-04-03T13:34:33.058+0000] {dag.py:3834} INFO - Setting next_dagrun for get_quotes_dag to 2024-04-01 00:00:00+00:00, run_after=2024-05-01 00:00:00+00:00
[2024-04-03T13:34:33.075+0000] {processor.py:183} INFO - Processing /opt/airflow/dags/get_quotes_dag.py took 0.173 seconds
[2024-04-03T13:35:01.920+0000] {processor.py:161} INFO - Started process (PID=27) to work on /opt/airflow/dags/get_quotes_dag.py
[2024-04-03T13:35:01.921+0000] {processor.py:830} INFO - Processing file /opt/airflow/dags/get_quotes_dag.py for tasks to queue
[2024-04-03T13:35:01.923+0000] {logging_mixin.py:188} INFO - [2024-04-03T13:35:01.922+0000] {dagbag.py:540} INFO - Filling up the DagBag from /opt/airflow/dags/get_quotes_dag.py
[2024-04-03T13:35:01.938+0000] {processor.py:840} INFO - DAG(s) 'get_quotes_dag' retrieved from /opt/airflow/dags/get_quotes_dag.py
[2024-04-03T13:35:02.082+0000] {logging_mixin.py:188} INFO - [2024-04-03T13:35:02.082+0000] {dag.py:3047} INFO - Sync 1 DAGs
[2024-04-03T13:35:02.098+0000] {logging_mixin.py:188} INFO - [2024-04-03T13:35:02.098+0000] {dag.py:3834} INFO - Setting next_dagrun for get_quotes_dag to 2024-04-01 00:00:00+00:00, run_after=2024-05-01 00:00:00+00:00
[2024-04-03T13:35:02.124+0000] {processor.py:183} INFO - Processing /opt/airflow/dags/get_quotes_dag.py took 0.205 seconds
[2024-04-03T13:35:32.360+0000] {processor.py:161} INFO - Started process (PID=34) to work on /opt/airflow/dags/get_quotes_dag.py
[2024-04-03T13:35:32.362+0000] {processor.py:830} INFO - Processing file /opt/airflow/dags/get_quotes_dag.py for tasks to queue
[2024-04-03T13:35:32.365+0000] {logging_mixin.py:188} INFO - [2024-04-03T13:35:32.364+0000] {dagbag.py:540} INFO - Filling up the DagBag from /opt/airflow/dags/get_quotes_dag.py
[2024-04-03T13:35:32.412+0000] {processor.py:840} INFO - DAG(s) 'get_quotes_dag' retrieved from /opt/airflow/dags/get_quotes_dag.py
[2024-04-03T13:35:32.458+0000] {logging_mixin.py:188} INFO - [2024-04-03T13:35:32.458+0000] {dag.py:3047} INFO - Sync 1 DAGs
[2024-04-03T13:35:32.482+0000] {logging_mixin.py:188} INFO - [2024-04-03T13:35:32.481+0000] {dag.py:3834} INFO - Setting next_dagrun for get_quotes_dag to 2024-04-01 00:00:00+00:00, run_after=2024-05-01 00:00:00+00:00
[2024-04-03T13:35:32.494+0000] {processor.py:183} INFO - Processing /opt/airflow/dags/get_quotes_dag.py took 0.140 seconds
[2024-04-03T13:36:02.773+0000] {processor.py:161} INFO - Started process (PID=41) to work on /opt/airflow/dags/get_quotes_dag.py
[2024-04-03T13:36:02.774+0000] {processor.py:830} INFO - Processing file /opt/airflow/dags/get_quotes_dag.py for tasks to queue
[2024-04-03T13:36:02.777+0000] {logging_mixin.py:188} INFO - [2024-04-03T13:36:02.777+0000] {dagbag.py:540} INFO - Filling up the DagBag from /opt/airflow/dags/get_quotes_dag.py
[2024-04-03T13:36:02.794+0000] {processor.py:840} INFO - DAG(s) 'get_quotes_dag' retrieved from /opt/airflow/dags/get_quotes_dag.py
[2024-04-03T13:36:02.821+0000] {logging_mixin.py:188} INFO - [2024-04-03T13:36:02.821+0000] {dag.py:3047} INFO - Sync 1 DAGs
[2024-04-03T13:36:02.855+0000] {logging_mixin.py:188} INFO - [2024-04-03T13:36:02.855+0000] {dag.py:3834} INFO - Setting next_dagrun for get_quotes_dag to 2024-04-01 00:00:00+00:00, run_after=2024-05-01 00:00:00+00:00
[2024-04-03T13:36:02.867+0000] {processor.py:183} INFO - Processing /opt/airflow/dags/get_quotes_dag.py took 0.098 seconds
[2024-04-03T13:36:33.234+0000] {processor.py:161} INFO - Started process (PID=48) to work on /opt/airflow/dags/get_quotes_dag.py
[2024-04-03T13:36:33.236+0000] {processor.py:830} INFO - Processing file /opt/airflow/dags/get_quotes_dag.py for tasks to queue
[2024-04-03T13:36:33.240+0000] {logging_mixin.py:188} INFO - [2024-04-03T13:36:33.239+0000] {dagbag.py:540} INFO - Filling up the DagBag from /opt/airflow/dags/get_quotes_dag.py
[2024-04-03T13:36:33.265+0000] {processor.py:840} INFO - DAG(s) 'get_quotes_dag' retrieved from /opt/airflow/dags/get_quotes_dag.py
[2024-04-03T13:36:33.290+0000] {logging_mixin.py:188} INFO - [2024-04-03T13:36:33.290+0000] {dag.py:3047} INFO - Sync 1 DAGs
[2024-04-03T13:36:33.305+0000] {logging_mixin.py:188} INFO - [2024-04-03T13:36:33.305+0000] {dag.py:3834} INFO - Setting next_dagrun for get_quotes_dag to 2024-04-01 00:00:00+00:00, run_after=2024-05-01 00:00:00+00:00
[2024-04-03T13:36:33.314+0000] {processor.py:183} INFO - Processing /opt/airflow/dags/get_quotes_dag.py took 0.089 seconds
[2024-04-03T13:37:03.666+0000] {processor.py:161} INFO - Started process (PID=55) to work on /opt/airflow/dags/get_quotes_dag.py
[2024-04-03T13:37:03.668+0000] {processor.py:830} INFO - Processing file /opt/airflow/dags/get_quotes_dag.py for tasks to queue
[2024-04-03T13:37:03.671+0000] {logging_mixin.py:188} INFO - [2024-04-03T13:37:03.671+0000] {dagbag.py:540} INFO - Filling up the DagBag from /opt/airflow/dags/get_quotes_dag.py
[2024-04-03T13:37:03.690+0000] {processor.py:840} INFO - DAG(s) 'get_quotes_dag' retrieved from /opt/airflow/dags/get_quotes_dag.py
[2024-04-03T13:37:03.718+0000] {logging_mixin.py:188} INFO - [2024-04-03T13:37:03.718+0000] {dag.py:3047} INFO - Sync 1 DAGs
[2024-04-03T13:37:03.733+0000] {logging_mixin.py:188} INFO - [2024-04-03T13:37:03.733+0000] {dag.py:3834} INFO - Setting next_dagrun for get_quotes_dag to 2024-04-01 00:00:00+00:00, run_after=2024-05-01 00:00:00+00:00
[2024-04-03T13:37:03.743+0000] {processor.py:183} INFO - Processing /opt/airflow/dags/get_quotes_dag.py took 0.090 seconds
[2024-04-03T13:37:34.206+0000] {processor.py:161} INFO - Started process (PID=62) to work on /opt/airflow/dags/get_quotes_dag.py
[2024-04-03T13:37:34.208+0000] {processor.py:830} INFO - Processing file /opt/airflow/dags/get_quotes_dag.py for tasks to queue
[2024-04-03T13:37:34.213+0000] {logging_mixin.py:188} INFO - [2024-04-03T13:37:34.212+0000] {dagbag.py:540} INFO - Filling up the DagBag from /opt/airflow/dags/get_quotes_dag.py
[2024-04-03T13:37:34.238+0000] {processor.py:840} INFO - DAG(s) 'get_quotes_dag' retrieved from /opt/airflow/dags/get_quotes_dag.py
[2024-04-03T13:37:34.267+0000] {logging_mixin.py:188} INFO - [2024-04-03T13:37:34.266+0000] {dag.py:3047} INFO - Sync 1 DAGs
[2024-04-03T13:37:34.280+0000] {logging_mixin.py:188} INFO - [2024-04-03T13:37:34.280+0000] {dag.py:3834} INFO - Setting next_dagrun for get_quotes_dag to 2024-04-01 00:00:00+00:00, run_after=2024-05-01 00:00:00+00:00
[2024-04-03T13:37:34.289+0000] {processor.py:183} INFO - Processing /opt/airflow/dags/get_quotes_dag.py took 0.090 seconds
[2024-04-03T13:38:04.581+0000] {processor.py:161} INFO - Started process (PID=69) to work on /opt/airflow/dags/get_quotes_dag.py
[2024-04-03T13:38:04.582+0000] {processor.py:830} INFO - Processing file /opt/airflow/dags/get_quotes_dag.py for tasks to queue
[2024-04-03T13:38:04.585+0000] {logging_mixin.py:188} INFO - [2024-04-03T13:38:04.584+0000] {dagbag.py:540} INFO - Filling up the DagBag from /opt/airflow/dags/get_quotes_dag.py
[2024-04-03T13:38:04.616+0000] {processor.py:840} INFO - DAG(s) 'get_quotes_dag' retrieved from /opt/airflow/dags/get_quotes_dag.py
[2024-04-03T13:38:04.640+0000] {logging_mixin.py:188} INFO - [2024-04-03T13:38:04.640+0000] {dag.py:3047} INFO - Sync 1 DAGs
[2024-04-03T13:38:04.668+0000] {logging_mixin.py:188} INFO - [2024-04-03T13:38:04.668+0000] {dag.py:3834} INFO - Setting next_dagrun for get_quotes_dag to 2024-04-01 00:00:00+00:00, run_after=2024-05-01 00:00:00+00:00
[2024-04-03T13:38:04.679+0000] {processor.py:183} INFO - Processing /opt/airflow/dags/get_quotes_dag.py took 0.102 seconds
[2024-04-03T13:38:35.008+0000] {processor.py:161} INFO - Started process (PID=76) to work on /opt/airflow/dags/get_quotes_dag.py
[2024-04-03T13:38:35.010+0000] {processor.py:830} INFO - Processing file /opt/airflow/dags/get_quotes_dag.py for tasks to queue
[2024-04-03T13:38:35.014+0000] {logging_mixin.py:188} INFO - [2024-04-03T13:38:35.013+0000] {dagbag.py:540} INFO - Filling up the DagBag from /opt/airflow/dags/get_quotes_dag.py
[2024-04-03T13:38:35.035+0000] {processor.py:840} INFO - DAG(s) 'get_quotes_dag' retrieved from /opt/airflow/dags/get_quotes_dag.py
[2024-04-03T13:38:35.059+0000] {logging_mixin.py:188} INFO - [2024-04-03T13:38:35.059+0000] {dag.py:3047} INFO - Sync 1 DAGs
[2024-04-03T13:38:35.074+0000] {logging_mixin.py:188} INFO - [2024-04-03T13:38:35.074+0000] {dag.py:3834} INFO - Setting next_dagrun for get_quotes_dag to 2024-04-01 00:00:00+00:00, run_after=2024-05-01 00:00:00+00:00
[2024-04-03T13:38:35.093+0000] {processor.py:183} INFO - Processing /opt/airflow/dags/get_quotes_dag.py took 0.091 seconds
[2024-04-03T13:39:05.428+0000] {processor.py:161} INFO - Started process (PID=83) to work on /opt/airflow/dags/get_quotes_dag.py
[2024-04-03T13:39:05.429+0000] {processor.py:830} INFO - Processing file /opt/airflow/dags/get_quotes_dag.py for tasks to queue
[2024-04-03T13:39:05.434+0000] {logging_mixin.py:188} INFO - [2024-04-03T13:39:05.434+0000] {dagbag.py:540} INFO - Filling up the DagBag from /opt/airflow/dags/get_quotes_dag.py
[2024-04-03T13:39:05.461+0000] {processor.py:840} INFO - DAG(s) 'get_quotes_dag' retrieved from /opt/airflow/dags/get_quotes_dag.py
[2024-04-03T13:39:05.482+0000] {logging_mixin.py:188} INFO - [2024-04-03T13:39:05.482+0000] {dag.py:3047} INFO - Sync 1 DAGs
[2024-04-03T13:39:05.497+0000] {logging_mixin.py:188} INFO - [2024-04-03T13:39:05.496+0000] {dag.py:3834} INFO - Setting next_dagrun for get_quotes_dag to 2024-04-01 00:00:00+00:00, run_after=2024-05-01 00:00:00+00:00
[2024-04-03T13:39:05.508+0000] {processor.py:183} INFO - Processing /opt/airflow/dags/get_quotes_dag.py took 0.087 seconds
[2024-04-03T13:39:35.758+0000] {processor.py:161} INFO - Started process (PID=89) to work on /opt/airflow/dags/get_quotes_dag.py
[2024-04-03T13:39:35.760+0000] {processor.py:830} INFO - Processing file /opt/airflow/dags/get_quotes_dag.py for tasks to queue
[2024-04-03T13:39:35.765+0000] {logging_mixin.py:188} INFO - [2024-04-03T13:39:35.764+0000] {dagbag.py:540} INFO - Filling up the DagBag from /opt/airflow/dags/get_quotes_dag.py
[2024-04-03T13:39:35.807+0000] {processor.py:840} INFO - DAG(s) 'get_quotes_dag' retrieved from /opt/airflow/dags/get_quotes_dag.py
[2024-04-03T13:39:35.835+0000] {logging_mixin.py:188} INFO - [2024-04-03T13:39:35.834+0000] {dag.py:3047} INFO - Sync 1 DAGs
[2024-04-03T13:39:35.851+0000] {logging_mixin.py:188} INFO - [2024-04-03T13:39:35.851+0000] {dag.py:3834} INFO - Setting next_dagrun for get_quotes_dag to 2024-04-01 00:00:00+00:00, run_after=2024-05-01 00:00:00+00:00
[2024-04-03T13:39:35.862+0000] {processor.py:183} INFO - Processing /opt/airflow/dags/get_quotes_dag.py took 0.112 seconds
[2024-04-03T13:40:06.143+0000] {processor.py:161} INFO - Started process (PID=96) to work on /opt/airflow/dags/get_quotes_dag.py
[2024-04-03T13:40:06.145+0000] {processor.py:830} INFO - Processing file /opt/airflow/dags/get_quotes_dag.py for tasks to queue
[2024-04-03T13:40:06.150+0000] {logging_mixin.py:188} INFO - [2024-04-03T13:40:06.149+0000] {dagbag.py:540} INFO - Filling up the DagBag from /opt/airflow/dags/get_quotes_dag.py
[2024-04-03T13:40:06.171+0000] {processor.py:840} INFO - DAG(s) 'get_quotes_dag' retrieved from /opt/airflow/dags/get_quotes_dag.py
[2024-04-03T13:40:06.193+0000] {logging_mixin.py:188} INFO - [2024-04-03T13:40:06.192+0000] {dag.py:3047} INFO - Sync 1 DAGs
[2024-04-03T13:40:06.205+0000] {logging_mixin.py:188} INFO - [2024-04-03T13:40:06.205+0000] {dag.py:3834} INFO - Setting next_dagrun for get_quotes_dag to 2024-04-01 00:00:00+00:00, run_after=2024-05-01 00:00:00+00:00
[2024-04-03T13:40:06.215+0000] {processor.py:183} INFO - Processing /opt/airflow/dags/get_quotes_dag.py took 0.078 seconds
[2024-04-03T13:40:36.519+0000] {processor.py:161} INFO - Started process (PID=103) to work on /opt/airflow/dags/get_quotes_dag.py
[2024-04-03T13:40:36.520+0000] {processor.py:830} INFO - Processing file /opt/airflow/dags/get_quotes_dag.py for tasks to queue
[2024-04-03T13:40:36.523+0000] {logging_mixin.py:188} INFO - [2024-04-03T13:40:36.523+0000] {dagbag.py:540} INFO - Filling up the DagBag from /opt/airflow/dags/get_quotes_dag.py
[2024-04-03T13:40:36.541+0000] {processor.py:840} INFO - DAG(s) 'get_quotes_dag' retrieved from /opt/airflow/dags/get_quotes_dag.py
[2024-04-03T13:40:36.564+0000] {logging_mixin.py:188} INFO - [2024-04-03T13:40:36.563+0000] {dag.py:3047} INFO - Sync 1 DAGs
[2024-04-03T13:40:36.577+0000] {logging_mixin.py:188} INFO - [2024-04-03T13:40:36.577+0000] {dag.py:3834} INFO - Setting next_dagrun for get_quotes_dag to 2024-04-01 00:00:00+00:00, run_after=2024-05-01 00:00:00+00:00
[2024-04-03T13:40:36.586+0000] {processor.py:183} INFO - Processing /opt/airflow/dags/get_quotes_dag.py took 0.073 seconds
[2024-04-03T13:41:06.818+0000] {processor.py:161} INFO - Started process (PID=110) to work on /opt/airflow/dags/get_quotes_dag.py
[2024-04-03T13:41:06.819+0000] {processor.py:830} INFO - Processing file /opt/airflow/dags/get_quotes_dag.py for tasks to queue
[2024-04-03T13:41:06.821+0000] {logging_mixin.py:188} INFO - [2024-04-03T13:41:06.820+0000] {dagbag.py:540} INFO - Filling up the DagBag from /opt/airflow/dags/get_quotes_dag.py
[2024-04-03T13:41:06.829+0000] {processor.py:840} INFO - DAG(s) 'get_quotes_dag' retrieved from /opt/airflow/dags/get_quotes_dag.py
[2024-04-03T13:41:06.846+0000] {logging_mixin.py:188} INFO - [2024-04-03T13:41:06.846+0000] {dag.py:3047} INFO - Sync 1 DAGs
[2024-04-03T13:41:06.871+0000] {logging_mixin.py:188} INFO - [2024-04-03T13:41:06.871+0000] {dag.py:3834} INFO - Setting next_dagrun for get_quotes_dag to 2024-04-01 00:00:00+00:00, run_after=2024-05-01 00:00:00+00:00
[2024-04-03T13:41:06.880+0000] {processor.py:183} INFO - Processing /opt/airflow/dags/get_quotes_dag.py took 0.064 seconds
[2024-04-03T13:41:37.355+0000] {processor.py:161} INFO - Started process (PID=117) to work on /opt/airflow/dags/get_quotes_dag.py
[2024-04-03T13:41:37.357+0000] {processor.py:830} INFO - Processing file /opt/airflow/dags/get_quotes_dag.py for tasks to queue
[2024-04-03T13:41:37.380+0000] {logging_mixin.py:188} INFO - [2024-04-03T13:41:37.378+0000] {dagbag.py:540} INFO - Filling up the DagBag from /opt/airflow/dags/get_quotes_dag.py
[2024-04-03T13:41:37.406+0000] {processor.py:840} INFO - DAG(s) 'get_quotes_dag' retrieved from /opt/airflow/dags/get_quotes_dag.py
[2024-04-03T13:41:37.434+0000] {logging_mixin.py:188} INFO - [2024-04-03T13:41:37.434+0000] {dag.py:3047} INFO - Sync 1 DAGs
[2024-04-03T13:41:37.469+0000] {logging_mixin.py:188} INFO - [2024-04-03T13:41:37.469+0000] {dag.py:3834} INFO - Setting next_dagrun for get_quotes_dag to 2024-04-01 00:00:00+00:00, run_after=2024-05-01 00:00:00+00:00
[2024-04-03T13:41:37.480+0000] {processor.py:183} INFO - Processing /opt/airflow/dags/get_quotes_dag.py took 0.132 seconds
[2024-04-03T13:42:07.701+0000] {processor.py:161} INFO - Started process (PID=124) to work on /opt/airflow/dags/get_quotes_dag.py
[2024-04-03T13:42:07.702+0000] {processor.py:830} INFO - Processing file /opt/airflow/dags/get_quotes_dag.py for tasks to queue
[2024-04-03T13:42:07.706+0000] {logging_mixin.py:188} INFO - [2024-04-03T13:42:07.705+0000] {dagbag.py:540} INFO - Filling up the DagBag from /opt/airflow/dags/get_quotes_dag.py
[2024-04-03T13:42:07.741+0000] {processor.py:840} INFO - DAG(s) 'get_quotes_dag' retrieved from /opt/airflow/dags/get_quotes_dag.py
[2024-04-03T13:42:07.772+0000] {logging_mixin.py:188} INFO - [2024-04-03T13:42:07.771+0000] {dag.py:3047} INFO - Sync 1 DAGs
[2024-04-03T13:42:07.809+0000] {logging_mixin.py:188} INFO - [2024-04-03T13:42:07.808+0000] {dag.py:3834} INFO - Setting next_dagrun for get_quotes_dag to 2024-04-01 00:00:00+00:00, run_after=2024-05-01 00:00:00+00:00
[2024-04-03T13:42:07.819+0000] {processor.py:183} INFO - Processing /opt/airflow/dags/get_quotes_dag.py took 0.125 seconds
[2024-04-03T13:42:38.087+0000] {processor.py:161} INFO - Started process (PID=131) to work on /opt/airflow/dags/get_quotes_dag.py
[2024-04-03T13:42:38.089+0000] {processor.py:830} INFO - Processing file /opt/airflow/dags/get_quotes_dag.py for tasks to queue
[2024-04-03T13:42:38.093+0000] {logging_mixin.py:188} INFO - [2024-04-03T13:42:38.093+0000] {dagbag.py:540} INFO - Filling up the DagBag from /opt/airflow/dags/get_quotes_dag.py
[2024-04-03T13:42:38.114+0000] {processor.py:840} INFO - DAG(s) 'get_quotes_dag' retrieved from /opt/airflow/dags/get_quotes_dag.py
[2024-04-03T13:42:38.140+0000] {logging_mixin.py:188} INFO - [2024-04-03T13:42:38.140+0000] {dag.py:3047} INFO - Sync 1 DAGs
[2024-04-03T13:42:38.168+0000] {logging_mixin.py:188} INFO - [2024-04-03T13:42:38.168+0000] {dag.py:3834} INFO - Setting next_dagrun for get_quotes_dag to 2024-04-01 00:00:00+00:00, run_after=2024-05-01 00:00:00+00:00
[2024-04-03T13:42:38.178+0000] {processor.py:183} INFO - Processing /opt/airflow/dags/get_quotes_dag.py took 0.097 seconds
