[2024-04-03T13:34:32.783+0000] {manager.py:469} INFO - Processing files using up to 2 processes at a time 
[2024-04-03T13:34:32.786+0000] {manager.py:470} INFO - Process each file at most once every 30 seconds
[2024-04-03T13:34:32.787+0000] {manager.py:471} INFO - Checking for new files in /opt/airflow/dags every 300 seconds
[2024-04-03T13:34:32.787+0000] {manager.py:738} INFO - Searching for files in /opt/airflow/dags
[2024-04-03T13:34:32.845+0000] {manager.py:741} INFO - There are 49 files in /opt/airflow/dags
[2024-04-03T13:34:37.393+0000] {manager.py:451} INFO - Exiting gracefully upon receiving signal 15
[2024-04-03T13:35:01.859+0000] {manager.py:469} INFO - Processing files using up to 2 processes at a time 
[2024-04-03T13:35:01.859+0000] {manager.py:470} INFO - Process each file at most once every 30 seconds
[2024-04-03T13:35:01.860+0000] {manager.py:471} INFO - Checking for new files in /opt/airflow/dags every 300 seconds
[2024-04-03T13:35:01.860+0000] {manager.py:738} INFO - Searching for files in /opt/airflow/dags
[2024-04-03T13:35:01.862+0000] {manager.py:741} INFO - There are 1 files in /opt/airflow/dags
[2024-04-03T13:35:01.935+0000] {manager.py:879} INFO - 
================================================================================
DAG File Processing Stats

File Path                              PID  Runtime      # DAGs    # Errors  Last Runtime    Last Run
-----------------------------------  -----  ---------  --------  ----------  --------------  ----------
/opt/airflow/dags/get_quotes_dag.py     27  0.03s             0           0
================================================================================
[2024-04-03T13:35:32.349+0000] {manager.py:879} INFO - 
================================================================================
DAG File Processing Stats

File Path                              PID  Runtime      # DAGs    # Errors  Last Runtime    Last Run
-----------------------------------  -----  ---------  --------  ----------  --------------  -------------------
/opt/airflow/dags/get_quotes_dag.py     34  0.02s             1           0  0.23s           2024-04-03T13:35:02
================================================================================
[2024-04-03T13:36:02.765+0000] {manager.py:879} INFO - 
================================================================================
DAG File Processing Stats

File Path                              PID  Runtime      # DAGs    # Errors  Last Runtime    Last Run
-----------------------------------  -----  ---------  --------  ----------  --------------  -------------------
/opt/airflow/dags/get_quotes_dag.py     41  0.01s             1           0  0.18s           2024-04-03T13:35:32
================================================================================
[2024-04-03T13:36:33.219+0000] {manager.py:879} INFO - 
================================================================================
DAG File Processing Stats

File Path                              PID  Runtime      # DAGs    # Errors  Last Runtime    Last Run
-----------------------------------  -----  ---------  --------  ----------  --------------  -------------------
/opt/airflow/dags/get_quotes_dag.py     48  0.02s             1           0  0.12s           2024-04-03T13:36:02
================================================================================
[2024-04-03T13:37:03.639+0000] {manager.py:879} INFO - 
================================================================================
DAG File Processing Stats

File Path                              PID  Runtime      # DAGs    # Errors  Last Runtime    Last Run
-----------------------------------  -----  ---------  --------  ----------  --------------  -------------------
/opt/airflow/dags/get_quotes_dag.py     55  0.02s             1           0  0.12s           2024-04-03T13:36:33
================================================================================
[2024-04-03T13:37:34.191+0000] {manager.py:879} INFO - 
================================================================================
DAG File Processing Stats

File Path                              PID  Runtime      # DAGs    # Errors  Last Runtime    Last Run
-----------------------------------  -----  ---------  --------  ----------  --------------  -------------------
/opt/airflow/dags/get_quotes_dag.py     62  0.01s             1           0  0.13s           2024-04-03T13:37:03
================================================================================
[2024-04-03T13:38:04.571+0000] {manager.py:879} INFO - 
================================================================================
DAG File Processing Stats

File Path                              PID  Runtime      # DAGs    # Errors  Last Runtime    Last Run
-----------------------------------  -----  ---------  --------  ----------  --------------  -------------------
/opt/airflow/dags/get_quotes_dag.py     69  0.01s             1           0  0.12s           2024-04-03T13:37:34
================================================================================
[2024-04-03T13:38:34.992+0000] {manager.py:879} INFO - 
================================================================================
DAG File Processing Stats

File Path                              PID  Runtime      # DAGs    # Errors  Last Runtime    Last Run
-----------------------------------  -----  ---------  --------  ----------  --------------  -------------------
/opt/airflow/dags/get_quotes_dag.py     76  0.01s             1           0  0.12s           2024-04-03T13:38:04
================================================================================
[2024-04-03T13:39:05.411+0000] {manager.py:879} INFO - 
================================================================================
DAG File Processing Stats

File Path                              PID  Runtime      # DAGs    # Errors  Last Runtime    Last Run
-----------------------------------  -----  ---------  --------  ----------  --------------  -------------------
/opt/airflow/dags/get_quotes_dag.py     83  0.01s             1           0  0.12s           2024-04-03T13:38:35
================================================================================
[2024-04-03T13:39:35.743+0000] {manager.py:879} INFO - 
================================================================================
DAG File Processing Stats

File Path                              PID  Runtime      # DAGs    # Errors  Last Runtime    Last Run
-----------------------------------  -----  ---------  --------  ----------  --------------  -------------------
/opt/airflow/dags/get_quotes_dag.py     89  0.02s             1           0  0.11s           2024-04-03T13:39:05
================================================================================
[2024-04-03T13:40:02.025+0000] {manager.py:738} INFO - Searching for files in /opt/airflow/dags
[2024-04-03T13:40:02.044+0000] {manager.py:741} INFO - There are 1 files in /opt/airflow/dags
[2024-04-03T13:40:06.132+0000] {manager.py:879} INFO - 
================================================================================
DAG File Processing Stats

File Path                              PID  Runtime      # DAGs    # Errors  Last Runtime    Last Run
-----------------------------------  -----  ---------  --------  ----------  --------------  -------------------
/opt/airflow/dags/get_quotes_dag.py     96  0.01s             1           0  0.15s           2024-04-03T13:39:35
================================================================================
[2024-04-03T13:40:36.509+0000] {manager.py:879} INFO - 
================================================================================
DAG File Processing Stats

File Path                              PID  Runtime      # DAGs    # Errors  Last Runtime    Last Run
-----------------------------------  -----  ---------  --------  ----------  --------------  -------------------
/opt/airflow/dags/get_quotes_dag.py    103  0.01s             1           0  0.10s           2024-04-03T13:40:06
================================================================================
[2024-04-03T13:41:06.813+0000] {manager.py:879} INFO - 
================================================================================
DAG File Processing Stats

File Path                              PID  Runtime      # DAGs    # Errors  Last Runtime    Last Run
-----------------------------------  -----  ---------  --------  ----------  --------------  -------------------
/opt/airflow/dags/get_quotes_dag.py    110  0.00s             1           0  0.09s           2024-04-03T13:40:36
================================================================================
[2024-04-03T13:41:37.343+0000] {manager.py:879} INFO - 
================================================================================
DAG File Processing Stats

File Path                              PID  Runtime      # DAGs    # Errors  Last Runtime    Last Run
-----------------------------------  -----  ---------  --------  ----------  --------------  -------------------
/opt/airflow/dags/get_quotes_dag.py    117  0.03s             1           0  0.07s           2024-04-03T13:41:06
================================================================================
[2024-04-03T13:42:07.686+0000] {manager.py:879} INFO - 
================================================================================
DAG File Processing Stats

File Path                              PID  Runtime      # DAGs    # Errors  Last Runtime    Last Run
-----------------------------------  -----  ---------  --------  ----------  --------------  -------------------
/opt/airflow/dags/get_quotes_dag.py    124  0.02s             1           0  0.17s           2024-04-03T13:41:37
================================================================================
[2024-04-03T13:42:38.075+0000] {manager.py:879} INFO - 
================================================================================
DAG File Processing Stats

File Path                              PID  Runtime      # DAGs    # Errors  Last Runtime    Last Run
-----------------------------------  -----  ---------  --------  ----------  --------------  -------------------
/opt/airflow/dags/get_quotes_dag.py    131  0.01s             1           0  0.16s           2024-04-03T13:42:07
================================================================================
